<?xml version="1.0" encoding="UTF-8"?>
<testng-results ignored="0" total="1" passed="1" failed="0" skipped="0">
  <reporter-output>
  </reporter-output>
  <suite started-at="2024-07-24T19:03:04 PDT" name="Default suite" finished-at="2024-07-24T19:03:07 PDT" duration-ms="2560">
    <groups>
    </groups>
    <test started-at="2024-07-24T19:03:04 PDT" name="Default test" finished-at="2024-07-24T19:03:07 PDT" duration-ms="2560">
      <class name="FirstTest">
        <test-method is-config="true" signature="setUp()[pri:0, instance:FirstTest@79b06cab]" started-at="2024-07-24T19:03:04 PDT" name="setUp" finished-at="2024-07-24T19:03:06 PDT" duration-ms="1742" status="PASS">
          <reporter-output>
          </reporter-output>
        </test-method> <!-- setUp -->
        <test-method signature="testDemoBlazeHomePage()[pri:0, instance:FirstTest@79b06cab]" started-at="2024-07-24T19:03:06 PDT" name="testDemoBlazeHomePage" finished-at="2024-07-24T19:03:07 PDT" duration-ms="722" status="PASS">
          <reporter-output>
          </reporter-output>
        </test-method> <!-- testDemoBlazeHomePage -->
        <test-method is-config="true" signature="tearDown()[pri:0, instance:FirstTest@79b06cab]" started-at="2024-07-24T19:03:07 PDT" name="tearDown" finished-at="2024-07-24T19:03:07 PDT" duration-ms="86" status="PASS">
          <reporter-output>
          </reporter-output>
        </test-method> <!-- tearDown -->
      </class> <!-- FirstTest -->
    </test> <!-- Default test -->
  </suite> <!-- Default suite -->
</testng-results>
