<?xml version="1.0" encoding="UTF-8"?>
<testng-results ignored="0" total="1" passed="1" failed="0" skipped="0">
  <reporter-output>
  </reporter-output>
  <suite started-at="2024-07-05T19:53:48 PDT" name="AdvantageDemo Test" finished-at="2024-07-05T19:54:03 PDT" duration-ms="15437">
    <groups>
    </groups>
    <test started-at="2024-07-05T19:53:48 PDT" name="OpenWebPage" finished-at="2024-07-05T19:54:03 PDT" duration-ms="15437">
      <class name="WebdriverCommands">
        <test-method is-config="true" signature="beforeMethod()[pri:0, instance:WebdriverCommands@2b6faea6]" started-at="2024-07-05T19:53:48 PDT" name="beforeMethod" finished-at="2024-07-05T19:53:48 PDT" duration-ms="1" status="PASS">
          <reporter-output>
          </reporter-output>
        </test-method> <!-- beforeMethod -->
        <test-method signature="setUp(java.lang.String,java.lang.String,java.lang.String,java.lang.String)[pri:0, instance:WebdriverCommands@2b6faea6]" started-at="2024-07-05T19:53:48 PDT" name="setUp" finished-at="2024-07-05T19:54:03 PDT" duration-ms="15269" status="PASS">
          <params>
            <param index="0">
              <value>
                <![CDATA[https://www.advantageonlineshopping.com/#/]]>
              </value>
            </param>
            <param index="1">
              <value>
                <![CDATA[ Advantage Shopping]]>
              </value>
            </param>
            <param index="2">
              <value>
                <![CDATA[testdemoauto4]]>
              </value>
            </param>
            <param index="3">
              <value>
                <![CDATA[Test12345]]>
              </value>
            </param>
          </params>
          <reporter-output>
          </reporter-output>
        </test-method> <!-- setUp -->
        <test-method is-config="true" signature="afterMethod()[pri:0, instance:WebdriverCommands@2b6faea6]" started-at="2024-07-05T19:54:03 PDT" name="afterMethod" finished-at="2024-07-05T19:54:03 PDT" duration-ms="156" status="PASS">
          <reporter-output>
          </reporter-output>
        </test-method> <!-- afterMethod -->
      </class> <!-- WebdriverCommands -->
    </test> <!-- OpenWebPage -->
  </suite> <!-- AdvantageDemo Test -->
</testng-results>
