<?xml version="1.0" encoding="UTF-8"?>
<testng-results ignored="0" total="3" passed="3" failed="0" skipped="0">
  <reporter-output>
  </reporter-output>
  <suite started-at="2024-07-11T19:09:39 PDT" name="DemoBlaze Test Suite" finished-at="2024-07-11T19:09:43 PDT" duration-ms="3517">
    <groups>
    </groups>
    <test started-at="2024-07-11T19:09:39 PDT" name="DemoBlaze Tests" finished-at="2024-07-11T19:09:43 PDT" duration-ms="3517">
      <class name="tests.TestDemoBlaze">
        <test-method is-config="true" signature="setUp()[pri:0, instance:tests.TestDemoBlaze@1b1473ab]" started-at="2024-07-11T19:09:39 PDT" name="setUp" finished-at="2024-07-11T19:09:41 PDT" duration-ms="1240" status="PASS">
          <reporter-output>
          </reporter-output>
        </test-method> <!-- setUp -->
        <test-method signature="testLogin(java.lang.String,java.lang.String)[pri:0, instance:tests.TestDemoBlaze@1b1473ab]" started-at="2024-07-11T19:09:41 PDT" name="testLogin" finished-at="2024-07-11T19:09:41 PDT" duration-ms="717" status="PASS">
          <params>
            <param index="0">
              <value>
                <![CDATA[dummyuserautomation]]>
              </value>
            </param>
            <param index="1">
              <value>
                <![CDATA[Password123!]]>
              </value>
            </param>
          </params>
          <reporter-output>
          </reporter-output>
        </test-method> <!-- testLogin -->
        <test-method signature="testAddProductToCart(java.lang.String)[pri:1, instance:tests.TestDemoBlaze@1b1473ab]" started-at="2024-07-11T19:09:41 PDT" name="testAddProductToCart" finished-at="2024-07-11T19:09:42 PDT" duration-ms="1044" status="PASS">
          <params>
            <param index="0">
              <value>
                <![CDATA[Nokia lumia 1520]]>
              </value>
            </param>
          </params>
          <reporter-output>
          </reporter-output>
        </test-method> <!-- testAddProductToCart -->
        <test-method signature="testContactSupport(java.lang.String,java.lang.String,java.lang.String)[pri:2, instance:tests.TestDemoBlaze@1b1473ab]" started-at="2024-07-11T19:09:42 PDT" name="testContactSupport" finished-at="2024-07-11T19:09:43 PDT" duration-ms="415" status="PASS">
          <params>
            <param index="0">
              <value>
                <![CDATA[Dummy Automation]]>
              </value>
            </param>
            <param index="1">
              <value>
                <![CDATA[dummy.automation@example.com]]>
              </value>
            </param>
            <param index="2">
              <value>
                <![CDATA[This is a contact test message.]]>
              </value>
            </param>
          </params>
          <reporter-output>
          </reporter-output>
        </test-method> <!-- testContactSupport -->
        <test-method is-config="true" signature="tearDown()[pri:0, instance:tests.TestDemoBlaze@1b1473ab]" started-at="2024-07-11T19:09:43 PDT" name="tearDown" finished-at="2024-07-11T19:09:43 PDT" duration-ms="88" status="PASS">
          <reporter-output>
          </reporter-output>
        </test-method> <!-- tearDown -->
      </class> <!-- tests.TestDemoBlaze -->
    </test> <!-- DemoBlaze Tests -->
  </suite> <!-- DemoBlaze Test Suite -->
</testng-results>
