<?xml version="1.0" encoding="UTF-8"?>
<testng-results ignored="0" total="3" passed="3" failed="0" skipped="0">
  <reporter-output>
  </reporter-output>
  <suite started-at="2024-07-11T18:25:52 PDT" name="Wikipedia Test Suite" finished-at="2024-07-11T18:25:58 PDT" duration-ms="5718">
    <groups>
    </groups>
    <test started-at="2024-07-11T18:25:52 PDT" name="Home Page Tests" finished-at="2024-07-11T18:25:56 PDT" duration-ms="3519">
      <class name="tests.TestHomePage">
        <test-method is-config="true" signature="setUp(java.lang.String)[pri:0, instance:tests.TestHomePage@149e0f5d]" started-at="2024-07-11T18:25:52 PDT" name="setUp" finished-at="2024-07-11T18:25:54 PDT" duration-ms="1340" status="PASS">
          <params>
            <param index="0">
              <value>
                <![CDATA[path/to/chromedriver]]>
              </value>
            </param>
          </params>
          <reporter-output>
          </reporter-output>
        </test-method> <!-- setUp -->
        <test-method signature="testNavigateToGermanWikipedia(java.lang.String)[pri:0, instance:tests.TestHomePage@149e0f5d]" started-at="2024-07-11T18:25:54 PDT" name="testNavigateToGermanWikipedia" finished-at="2024-07-11T18:25:55 PDT" duration-ms="946" status="PASS">
          <params>
            <param index="0">
              <value>
                <![CDATA[https://www.wikipedia.org/]]>
              </value>
            </param>
          </params>
          <reporter-output>
          </reporter-output>
        </test-method> <!-- testNavigateToGermanWikipedia -->
        <test-method signature="testNavigateToSpanishWikipediaAndSearch(java.lang.String,java.lang.String)[pri:0, instance:tests.TestHomePage@149e0f5d]" started-at="2024-07-11T18:25:55 PDT" name="testNavigateToSpanishWikipediaAndSearch" finished-at="2024-07-11T18:25:56 PDT" duration-ms="1129" status="PASS">
          <params>
            <param index="0">
              <value>
                <![CDATA[https://www.wikipedia.org/]]>
              </value>
            </param>
            <param index="1">
              <value>
                <![CDATA[java]]>
              </value>
            </param>
          </params>
          <reporter-output>
          </reporter-output>
        </test-method> <!-- testNavigateToSpanishWikipediaAndSearch -->
        <test-method is-config="true" signature="tearDown()[pri:0, instance:tests.TestHomePage@149e0f5d]" started-at="2024-07-11T18:25:56 PDT" name="tearDown" finished-at="2024-07-11T18:25:56 PDT" duration-ms="94" status="PASS">
          <reporter-output>
          </reporter-output>
        </test-method> <!-- tearDown -->
      </class> <!-- tests.TestHomePage -->
    </test> <!-- Home Page Tests -->
    <test started-at="2024-07-11T18:25:56 PDT" name="Search Result Page Tests" finished-at="2024-07-11T18:25:58 PDT" duration-ms="2184">
      <class name="tests.TestSearchResultPage">
        <test-method is-config="true" signature="setUp(java.lang.String)[pri:0, instance:tests.TestSearchResultPage@6a28ffa4]" started-at="2024-07-11T18:25:56 PDT" name="setUp" finished-at="2024-07-11T18:25:57 PDT" duration-ms="997" status="PASS">
          <params>
            <param index="0">
              <value>
                <![CDATA[path/to/chromedriver]]>
              </value>
            </param>
          </params>
          <reporter-output>
          </reporter-output>
        </test-method> <!-- setUp -->
        <test-method signature="testSearchResultsDisplayed(java.lang.String,java.lang.String)[pri:0, instance:tests.TestSearchResultPage@6a28ffa4]" started-at="2024-07-11T18:25:57 PDT" name="testSearchResultsDisplayed" finished-at="2024-07-11T18:25:58 PDT" duration-ms="1099" status="PASS">
          <params>
            <param index="0">
              <value>
                <![CDATA[https://www.wikipedia.org/]]>
              </value>
            </param>
            <param index="1">
              <value>
                <![CDATA[java]]>
              </value>
            </param>
          </params>
          <reporter-output>
          </reporter-output>
        </test-method> <!-- testSearchResultsDisplayed -->
        <test-method is-config="true" signature="tearDown()[pri:0, instance:tests.TestSearchResultPage@6a28ffa4]" started-at="2024-07-11T18:25:58 PDT" name="tearDown" finished-at="2024-07-11T18:25:58 PDT" duration-ms="85" status="PASS">
          <reporter-output>
          </reporter-output>
        </test-method> <!-- tearDown -->
      </class> <!-- tests.TestSearchResultPage -->
    </test> <!-- Search Result Page Tests -->
  </suite> <!-- Wikipedia Test Suite -->
</testng-results>
