<?xml version="1.0" encoding="UTF-8"?>
<testng-results ignored="0" total="1" passed="1" failed="0" skipped="0">
  <reporter-output>
  </reporter-output>
  <suite started-at="2024-07-11T17:35:39 PDT" name="Selenium Test Suite" finished-at="2024-07-11T17:35:42 PDT" duration-ms="2391">
    <groups>
    </groups>
    <test started-at="2024-07-11T17:35:39 PDT" name="Google Search Test" finished-at="2024-07-11T17:35:42 PDT" duration-ms="2391">
      <class name="tests.ImplicitWaitGoogleSearchTest">
        <test-method is-config="true" signature="setUp(java.lang.String)[pri:0, instance:tests.ImplicitWaitGoogleSearchTest@1184ab05]" started-at="2024-07-11T17:35:40 PDT" name="setUp" finished-at="2024-07-11T17:35:41 PDT" duration-ms="1911" status="PASS">
          <params>
            <param index="0">
              <value>
                <![CDATA[https://www.google.com]]>
              </value>
            </param>
          </params>
          <reporter-output>
          </reporter-output>
        </test-method> <!-- setUp -->
        <test-method signature="testGoogleSearch(java.lang.String)[pri:0, instance:tests.ImplicitWaitGoogleSearchTest@1184ab05]" started-at="2024-07-11T17:35:41 PDT" name="testGoogleSearch" finished-at="2024-07-11T17:35:42 PDT" duration-ms="340" status="PASS">
          <params>
            <param index="0">
              <value>
                <![CDATA[selenium java]]>
              </value>
            </param>
          </params>
          <reporter-output>
          </reporter-output>
        </test-method> <!-- testGoogleSearch -->
        <test-method is-config="true" signature="tearDown()[pri:0, instance:tests.ImplicitWaitGoogleSearchTest@1184ab05]" started-at="2024-07-11T17:35:42 PDT" name="tearDown" finished-at="2024-07-11T17:35:42 PDT" duration-ms="128" status="PASS">
          <reporter-output>
          </reporter-output>
        </test-method> <!-- tearDown -->
      </class> <!-- tests.ImplicitWaitGoogleSearchTest -->
    </test> <!-- Google Search Test -->
  </suite> <!-- Selenium Test Suite -->
</testng-results>
