<?xml version="1.0" encoding="UTF-8"?>
<!-- Generated by org.testng.reporters.JUnitXMLReporter -->
<testsuite ignored="0" hostname="KarinyPC.local" failures="0" tests="3" name="DemoBlaze Tests" time="3.517" errors="0" timestamp="2024-07-11T19:09:43 PDT">
  <testcase classname="tests.TestDemoBlaze" name="testLogin" time="0.717"/>
  <testcase classname="tests.TestDemoBlaze" name="testAddProductToCart" time="1.044"/>
  <testcase classname="tests.TestDemoBlaze" name="testContactSupport" time="0.415"/>
</testsuite> <!-- DemoBlaze Tests -->
